\BOOKMARK [0][-]{chapter.1}{Introducci\363n}{}% 1
\BOOKMARK [1][-]{section.1.1}{Justificaci\363n}{chapter.1}% 2
\BOOKMARK [1][-]{section.1.2}{Objetivos}{chapter.1}% 3
\BOOKMARK [2][-]{subsection.1.2.1}{Objetivos Generales}{section.1.2}% 4
\BOOKMARK [2][-]{subsection.1.2.2}{Objetivos Espec\355ficos}{section.1.2}% 5
\BOOKMARK [0][-]{chapter.2}{Preliminares}{}% 6
\BOOKMARK [1][-]{section.2.1}{Criptograf\355a}{chapter.2}% 7
\BOOKMARK [2][-]{subsection.2.1.1}{Criptoan\341lisis}{section.2.1}% 8
\BOOKMARK [2][-]{subsection.2.1.2}{Esteganograf\355a}{section.2.1}% 9
\BOOKMARK [2][-]{subsection.2.1.3}{Servicios de Seguridad}{section.2.1}% 10
\BOOKMARK [2][-]{subsection.2.1.4}{CONFIDENCIALIDAD}{section.2.1}% 11
\BOOKMARK [2][-]{subsection.2.1.5}{AUTENTICACI\323N}{section.2.1}% 12
\BOOKMARK [2][-]{subsection.2.1.6}{INTEGRIDAD}{section.2.1}% 13
\BOOKMARK [2][-]{subsection.2.1.7}{NO REPUDIO}{section.2.1}% 14
\BOOKMARK [2][-]{subsection.2.1.8}{CONTROL DE ACCESO}{section.2.1}% 15
\BOOKMARK [2][-]{subsection.2.1.9}{DISPONIBILIDAD}{section.2.1}% 16
\BOOKMARK [2][-]{subsection.2.1.10}{Ataques}{section.2.1}% 17
\BOOKMARK [2][-]{subsection.2.1.11}{INTEGRIDAD}{section.2.1}% 18
\BOOKMARK [2][-]{subsection.2.1.12}{INTEGRIDAD}{section.2.1}% 19
\BOOKMARK [2][-]{subsection.2.1.13}{Criptograf\355a Sim\351trica}{section.2.1}% 20
\BOOKMARK [2][-]{subsection.2.1.14}{Criptograf\355a asim\351trica}{section.2.1}% 21
\BOOKMARK [2][-]{subsection.2.1.15}{Cifrado por bloques}{section.2.1}% 22
\BOOKMARK [2][-]{subsection.2.1.16}{Modos de operaci\363n}{section.2.1}% 23
\BOOKMARK [2][-]{subsection.2.1.17}{Funciones Hash}{section.2.1}% 24
\BOOKMARK [0][-]{chapter.3}{Adversarios Clasificadores}{}% 25
\BOOKMARK [0][-]{chapter.4}{Tecnolog\355as usadas}{}% 26
\BOOKMARK [0][-]{chapter.5}{An\341lisis y Dise\361o}{}% 27
\BOOKMARK [1][-]{section.5.1}{Diagramas de caso de uso}{chapter.5}% 28
\BOOKMARK [0][-]{chapter.6}{Desarrollo de prototipos}{}% 29
\BOOKMARK [1][-]{section.6.1}{Prototipo 1}{chapter.6}% 30
\BOOKMARK [0][-]{chapter.7}{Conclusiones y Trabajo a Futuro}{}% 31
\BOOKMARK [1][-]{section.7.1}{Conclusiones}{chapter.7}% 32
\BOOKMARK [0][-]{appendix.Alph1}{C\363digo fuente del prototipo 2}{}% 33
\BOOKMARK [0][-]{appendix.Alph1}{Bibliograf\355a}{}% 34
